<?xml version="1.0" encoding="UTF-8"?>
<!-- Generated by org.testng.reporters.JUnitXMLReporter -->
<testsuite ignored="2" hostname="VM-W10-625" failures="0" tests="2" name="BSAPIEOwner" time="155.539" errors="0" timestamp="2026-06-11T09:34:07 BST">
  <testcase classname="Key_Flags.TC13_BsaY_CbtN_InterCompany" name="BsaN_CbtY_MunN" time="61.329"/>
  <testcase classname="Key_Flags.TC14_BsaN_CbtN_InterCompany" name="BsaN_CbtY_MunN" time="75.376"/>
  <testcase classname="common_functions.BaseTest" name="@BeforeSuite initReport" time="0.0">
    <ignored/>
  </testcase> <!-- @BeforeSuite initReport -->
  <testcase classname="common_functions.BaseTest" name="@AfterSuite publishReport" time="0.0">
    <ignored/>
  </testcase> <!-- @AfterSuite publishReport -->
</testsuite> <!-- BSAPIEOwner -->
