<?xml version="1.0" encoding="UTF-8"?>
<!-- Generated by org.testng.reporters.JUnitXMLReporter -->
<testsuite ignored="4" hostname="VM-W10-625" failures="1" tests="3" name="CBTUseCaseOwner" time="142.523" errors="0" timestamp="2026-05-29T12:04:42 BST">
  <testcase classname="Second_Post_ETL_Key_Flags.TC04_Second_Post_ETL_BsaN_CbtY_MunN" name="Post_ETL_BsaY_CbtN_MunN" time="36.762"/>
  <testcase classname="Second_Post_ETL_Key_Flags.TC05_Second_Post_ETL_BsaN_CbtY_PropN" name="Post_ETL_BsaY_CbtN_MunN" time="33.253"/>
  <testcase classname="Second_Post_ETL_Key_Flags.TC06_Second_Post_ETL_BsaY_CbtY_PropN" name="Post_ETL_BsaY_CbtN_MunN" time="45.071">
    <failure type="java.lang.AssertionError" message="Expected Catalog Bearing Tool Sellable Product Status to be ProprietorySyndicate, but got:  expected [ProprietorySyndicate] but found []">
      <![CDATA[java.lang.AssertionError: Expected Catalog Bearing Tool Sellable Product Status to be ProprietorySyndicate, but got:  expected [ProprietorySyndicate] but found []
at Second_Post_ETL_Key_Flags.TC06_Second_Post_ETL_BsaY_CbtY_PropN.Post_ETL_BsaY_CbtN_MunN(TC06_Second_Post_ETL_BsaY_CbtY_PropN.java:98)
at java.base/java.util.ArrayList.forEach(ArrayList.java:1596)
... Removed 30 stack frames]]>
    </failure>
  </testcase> <!-- Post_ETL_BsaY_CbtN_MunN -->
  <testcase classname="common_functions.BaseTest" name="@AfterSuite publishReport" time="0.0">
    <ignored/>
  </testcase> <!-- @AfterSuite publishReport -->
  <testcase classname="common_functions.BaseTest" name="@BeforeSuite initReport" time="0.0">
    <ignored/>
  </testcase> <!-- @BeforeSuite initReport -->
  <testcase classname="common_functions.BaseTest" name="@BeforeSuite initReport" time="0.0">
    <ignored/>
  </testcase> <!-- @BeforeSuite initReport -->
  <testcase classname="common_functions.BaseTest" name="@AfterSuite publishReport" time="0.0">
    <ignored/>
  </testcase> <!-- @AfterSuite publishReport -->
</testsuite> <!-- CBTUseCaseOwner -->
