<?xml version="1.0" encoding="UTF-8"?>
<!-- Generated by org.testng.reporters.JUnitXMLReporter -->
<testsuite ignored="0" hostname="VM-W10-625" failures="0" tests="1" name="Default test" time="0.044" errors="0" timestamp="2026-04-16T08:55:23 BST">
  <testcase classname="common_functions.BaseTest" name="@BeforeClass setUp" time="-1.776326123223E9">
    <failure type="org.testng.TestNGException" message="
Parameter &amp;apos;UseCaseOwner&amp;apos; is required by BeforeClass on method setUp but has not been marked @Optional or defined
in C:\Users\raoad\AppData\Local\Temp\testng-eclipse-993453319\testng-customsuite.xml">
      <![CDATA[org.testng.TestNGException: 
Parameter 'UseCaseOwner' is required by BeforeClass on method setUp but has not been marked @Optional or defined
in C:\Users\raoad\AppData\Local\Temp\testng-eclipse-993453319\testng-customsuite.xml
at org.testng.internal.Parameters.createParams(Parameters.java:267)
at org.testng.internal.Parameters.createParametersForMethod(Parameters.java:355)
at org.testng.internal.Parameters.createParameters(Parameters.java:684)
at org.testng.internal.Parameters.createConfigurationParameters(Parameters.java:166)
at org.testng.internal.invokers.ConfigInvoker.invokeConfigurations(ConfigInvoker.java:306)
at org.testng.internal.invokers.TestMethodWorker.invokeBeforeClassMethods(TestMethodWorker.java:180)
at org.testng.internal.invokers.TestMethodWorker.run(TestMethodWorker.java:122)
at java.base/java.util.ArrayList.forEach(ArrayList.java:1596)
at org.testng.TestRunner.privateRun(TestRunner.java:848)
at org.testng.TestRunner.run(TestRunner.java:621)
at org.testng.SuiteRunner.runTest(SuiteRunner.java:443)
at org.testng.SuiteRunner.runSequentially(SuiteRunner.java:437)
at org.testng.SuiteRunner.privateRun(SuiteRunner.java:397)
at org.testng.SuiteRunner.run(SuiteRunner.java:336)
at org.testng.SuiteRunnerWorker.runSuite(SuiteRunnerWorker.java:52)
at org.testng.SuiteRunnerWorker.run(SuiteRunnerWorker.java:95)
at org.testng.TestNG.runSuitesSequentially(TestNG.java:1280)
at org.testng.TestNG.runSuitesLocally(TestNG.java:1200)
at org.testng.TestNG.runSuites(TestNG.java:1114)
at org.testng.TestNG.run(TestNG.java:1082)
at org.testng.remote.AbstractRemoteTestNG.run(AbstractRemoteTestNG.java:115)
at org.testng.remote.RemoteTestNG.initAndRun(RemoteTestNG.java:293)
at org.testng.remote.RemoteTestNG.main(RemoteTestNG.java:91)
]]>
    </failure>
  </testcase> <!-- @BeforeClass setUp -->
  <testcase classname="Phase2.CBTUseCases.TC_002_003_VerifyAutoApprove_Attributes" name="RecordmovestoPendingUsecaseApproval" time="0.0">
    <skipped/>
  </testcase> <!-- RecordmovestoPendingUsecaseApproval -->
</testsuite> <!-- Default test -->
