<?xml version="1.0" encoding="UTF-8"?>
<!-- Generated by org.testng.reporters.JUnitXMLReporter -->
<testsuite ignored="0" hostname="BANRAOAD-M" failures="0" tests="1" name="UseCaseReview Owner" time="0.127" errors="0" timestamp="2025-12-01T16:41:24 IST">
  <testcase classname="common_functions.BaseTest" name="@BeforeClass setUp" time="-1.764587484678E9">
    <failure type="org.testng.TestNGException" message="
Parameter &amp;apos;UseCaseOwner&amp;apos; is required by BeforeClass on method setUp but has not been marked @Optional or defined
in C:\PIM_Automation\Phase_2\testng.xml">
      <![CDATA[org.testng.TestNGException: 
Parameter 'UseCaseOwner' is required by BeforeClass on method setUp but has not been marked @Optional or defined
in C:\PIM_Automation\Phase_2\testng.xml
at java.base/java.util.ArrayList.forEach(ArrayList.java:1596)
... Removed 22 stack frames]]>
    </failure>
  </testcase> <!-- @BeforeClass setUp -->
  <testcase classname="Phase2_Test_Scripts.TC_001_UseCaseReview_Override" name="OverrideUsecaseReview" time="0.0">
    <skipped/>
  </testcase> <!-- OverrideUsecaseReview -->
</testsuite> <!-- UseCaseReview Owner -->
