<?xml version="1.0" encoding="UTF-8"?>
<testng-results ignored="0" total="1" passed="1" failed="0" skipped="0">
  <reporter-output>
  </reporter-output>
  <suite started-at="2026-06-04T12:39:50 BST" name="PIM_Phase2 Automation_Suite" finished-at="2026-06-04T12:40:45 BST" duration-ms="54986">
    <groups>
    </groups>
    <test started-at="2026-06-04T12:39:50 BST" name="BSAPIEOwner" finished-at="2026-06-04T12:40:44 BST" duration-ms="54946">
      <class name="First_Post_ETL_KeyFlags.TC11_Post_ETL_BsaY_CbtY_InterCompany">
        <test-method is-config="true" signature="setUp(java.lang.String)[pri:0, instance:First_Post_ETL_KeyFlags.TC11_Post_ETL_BsaY_CbtY_InterCompany@36fc695d]" started-at="2026-06-04T12:39:50 BST" name="setUp" finished-at="2026-06-04T12:39:54 BST" duration-ms="4192" status="PASS">
          <params>
            <param index="0">
              <value>
                <![CDATA[BSAPIEowner]]>
              </value>
            </param>
          </params>
          <reporter-output>
          </reporter-output>
        </test-method> <!-- setUp -->
        <test-method signature="Post_ETL_BsaY_CbtN_MunN(java.lang.String)[pri:0, instance:First_Post_ETL_KeyFlags.TC11_Post_ETL_BsaY_CbtY_InterCompany@36fc695d]" started-at="2026-06-04T12:39:54 BST" name="Post_ETL_BsaY_CbtN_MunN" finished-at="2026-06-04T12:40:44 BST" duration-ms="50732" status="PASS">
          <params>
            <param index="0">
              <value>
                <![CDATA[BSAPIEowner]]>
              </value>
            </param>
          </params>
          <reporter-output>
          </reporter-output>
        </test-method> <!-- Post_ETL_BsaY_CbtN_MunN -->
      </class> <!-- First_Post_ETL_KeyFlags.TC11_Post_ETL_BsaY_CbtY_InterCompany -->
    </test> <!-- BSAPIEOwner -->
    <test started-at="2026-06-04T12:40:45 BST" name="CBTUseCaseOwner" finished-at="2026-06-04T12:40:45 BST" duration-ms="2">
      <class name="First_Post_ETL_KeyFlags.TC11_Post_ETL_BsaY_CbtY_InterCompany">
        <test-method is-config="true" signature="initReport()[pri:0, instance:First_Post_ETL_KeyFlags.TC11_Post_ETL_BsaY_CbtY_InterCompany@36fc695d]" started-at="2026-06-04T12:39:49 BST" name="initReport" finished-at="2026-06-04T12:39:50 BST" duration-ms="173" status="PASS">
          <reporter-output>
          </reporter-output>
        </test-method> <!-- initReport -->
        <test-method is-config="true" signature="publishReport()[pri:0, instance:First_Post_ETL_KeyFlags.TC11_Post_ETL_BsaY_CbtY_InterCompany@36fc695d]" started-at="2026-06-04T12:40:45 BST" name="publishReport" finished-at="2026-06-04T12:40:46 BST" duration-ms="1540" status="PASS">
          <reporter-output>
          </reporter-output>
        </test-method> <!-- publishReport -->
      </class> <!-- First_Post_ETL_KeyFlags.TC11_Post_ETL_BsaY_CbtY_InterCompany -->
    </test> <!-- CBTUseCaseOwner -->
  </suite> <!-- PIM_Phase2 Automation_Suite -->
</testng-results>
