<?xml version="1.0" encoding="UTF-8"?>
<testng-results ignored="0" total="1" passed="1" failed="0" skipped="0">
  <reporter-output>
  </reporter-output>
  <suite started-at="2026-06-02T17:52:10 BST" name="PIM_Phase2 Automation_Suite" finished-at="2026-06-02T17:53:15 BST" duration-ms="65118">
    <groups>
      <group name="BSAPIEowner">
        <method signature="TC11_BsaY_CbtY_InterCompany.BsaN_CbtY_MunN()[pri:0, instance:Key_Flags.TC11_BsaY_CbtY_InterCompany@36fc695d]" name="BsaN_CbtY_MunN" class="Key_Flags.TC11_BsaY_CbtY_InterCompany"/>
      </group> <!-- BSAPIEowner -->
    </groups>
    <test started-at="2026-06-02T17:52:10 BST" name="BSAPIEOwner" finished-at="2026-06-02T17:53:15 BST" duration-ms="65118">
      <class name="Key_Flags.TC11_BsaY_CbtY_InterCompany">
        <test-method is-config="true" signature="initReport()[pri:0, instance:Key_Flags.TC11_BsaY_CbtY_InterCompany@36fc695d]" started-at="2026-06-02T17:52:10 BST" name="initReport" finished-at="2026-06-02T17:52:10 BST" duration-ms="190" status="PASS">
          <reporter-output>
          </reporter-output>
        </test-method> <!-- initReport -->
        <test-method is-config="true" signature="setUp(java.lang.String)[pri:0, instance:Key_Flags.TC11_BsaY_CbtY_InterCompany@36fc695d]" started-at="2026-06-02T17:52:10 BST" name="setUp" finished-at="2026-06-02T17:52:16 BST" duration-ms="5344" status="PASS">
          <params>
            <param index="0">
              <value>
                <![CDATA[BSAPIEowner]]>
              </value>
            </param>
          </params>
          <reporter-output>
          </reporter-output>
        </test-method> <!-- setUp -->
        <test-method signature="BsaN_CbtY_MunN()[pri:0, instance:Key_Flags.TC11_BsaY_CbtY_InterCompany@36fc695d]" started-at="2026-06-02T17:52:16 BST" name="BsaN_CbtY_MunN" finished-at="2026-06-02T17:53:15 BST" duration-ms="59738" status="PASS">
          <reporter-output>
          </reporter-output>
        </test-method> <!-- BsaN_CbtY_MunN -->
        <test-method is-config="true" signature="publishReport()[pri:0, instance:Key_Flags.TC11_BsaY_CbtY_InterCompany@36fc695d]" started-at="2026-06-02T17:53:15 BST" name="publishReport" finished-at="2026-06-02T17:53:17 BST" duration-ms="1732" status="PASS">
          <reporter-output>
          </reporter-output>
        </test-method> <!-- publishReport -->
      </class> <!-- Key_Flags.TC11_BsaY_CbtY_InterCompany -->
    </test> <!-- BSAPIEOwner -->
  </suite> <!-- PIM_Phase2 Automation_Suite -->
</testng-results>
