<?xml version="1.0" encoding="UTF-8"?>
<!-- Generated by org.testng.reporters.JUnitReportReporter -->
<testsuite hostname="VM-W10-625" failures="0" tests="1" name="Phase2.CBTUseCases.TC_007_Validating_CBTUsecasescenarios_Toggle" time="127.457" errors="0" timestamp="2026-05-12T05:15:26 BST" skipped="0">
  <testcase classname="Phase2.CBTUseCases.TC_007_Validating_CBTUsecasescenarios_Toggle" name="ToggleOverrideYesNo" time="127.457"/>
</testsuite> <!-- Phase2.CBTUseCases.TC_007_Validating_CBTUsecasescenarios_Toggle -->
