<?xml version="1.0" encoding="UTF-8"?>
<!-- Generated by org.testng.reporters.JUnitReportReporter -->
<testsuite hostname="VM-W10-625" failures="0" tests="1" name="Phase2.CBTUseCases.TC_007_Validating_CBTUsecasescenarios_Toggle2" time="128.411" errors="0" timestamp="2026-05-11T07:36:18 BST" skipped="0">
  <testcase classname="Phase2.CBTUseCases.TC_007_Validating_CBTUsecasescenarios_Toggle2" name="ToggleOverrideYesNo" time="128.411"/>
</testsuite> <!-- Phase2.CBTUseCases.TC_007_Validating_CBTUsecasescenarios_Toggle2 -->
