<?xml version="1.0" encoding="UTF-8"?>
<!-- Generated by org.testng.reporters.JUnitReportReporter -->
<testsuite hostname="VM-W10-625" failures="0" tests="2" name="First_Post_ETL_KeyFlags.TC03_Post_ETL_BsaY_CbtN_MunN" time="79.108" errors="0" timestamp="2026-05-21T16:53:01 BST" skipped="0">
  <testcase classname="First_Post_ETL_KeyFlags.TC03_Post_ETL_BsaY_CbtN_MunN" name="Post_ETL_BsaY_CbtN_MunN" time="39.444"/>
  <testcase classname="First_Post_ETL_KeyFlags.TC03_Post_ETL_BsaY_CbtN_MunN" name="Post_ETL_BsaY_CbtN_MunN" time="39.664"/>
</testsuite> <!-- First_Post_ETL_KeyFlags.TC03_Post_ETL_BsaY_CbtN_MunN -->
