<?xml version="1.0" encoding="UTF-8"?>
<!-- Generated by org.testng.reporters.JUnitReportReporter -->
<testsuite hostname="VM-W10-625" failures="0" tests="2" name="Second_Post_ETL_Key_Flags.TC04_Second_Post_ETL_BsaN_CbtY_MunN" time="74.531" errors="0" timestamp="2026-05-29T12:04:45 BST" skipped="0">
  <testcase classname="Second_Post_ETL_Key_Flags.TC04_Second_Post_ETL_BsaN_CbtY_MunN" name="Post_ETL_BsaY_CbtN_MunN" time="36.762"/>
  <testcase classname="Second_Post_ETL_Key_Flags.TC04_Second_Post_ETL_BsaN_CbtY_MunN" name="Post_ETL_BsaY_CbtN_MunN" time="37.769"/>
</testsuite> <!-- Second_Post_ETL_Key_Flags.TC04_Second_Post_ETL_BsaN_CbtY_MunN -->
