<?xml version="1.0" encoding="UTF-8"?>
<!-- Generated by org.testng.reporters.JUnitReportReporter -->
<testsuite hostname="VM-W10-625" failures="0" tests="1" name="Phase2.CBTUseCases.TC_003_List_CBTHOLD_attribute_List_Rule_Triggered" time="43.034" errors="0" timestamp="2026-05-12T04:58:04 BST" skipped="0">
  <testcase classname="Phase2.CBTUseCases.TC_003_List_CBTHOLD_attribute_List_Rule_Triggered" name="ListHoldAttributes_RuleTriggered" time="43.034"/>
</testsuite> <!-- Phase2.CBTUseCases.TC_003_List_CBTHOLD_attribute_List_Rule_Triggered -->
