<?xml version="1.0" encoding="UTF-8"?>
<!-- Generated by org.testng.reporters.JUnitReportReporter -->
<testsuite hostname="VM-W10-625" failures="0" tests="2" name="Second_Post_ETL_Key_Flags.TC11_Second_Post_ETL_BsaY_CbtY_InterCompany" time="70.360" errors="0" timestamp="2026-06-04T12:35:57 BST" skipped="0">
  <testcase classname="Second_Post_ETL_Key_Flags.TC11_Second_Post_ETL_BsaY_CbtY_InterCompany" name="Post_ETL_BsaY_CbtN_MunN" time="36.532"/>
  <testcase classname="Second_Post_ETL_Key_Flags.TC11_Second_Post_ETL_BsaY_CbtY_InterCompany" name="Post_ETL_BsaY_CbtN_MunN" time="33.828"/>
</testsuite> <!-- Second_Post_ETL_Key_Flags.TC11_Second_Post_ETL_BsaY_CbtY_InterCompany -->
