<?xml version="1.0" encoding="UTF-8"?>
<!-- Generated by org.testng.reporters.JUnitReportReporter -->
<testsuite hostname="VM-W10-625" failures="0" tests="1" name="Post_ETL_Scripts.TC_005b_PostETL_Complete_HoldAttributes" time="75.759" errors="0" timestamp="2026-05-11T12:27:08 BST" skipped="0">
  <testcase classname="Post_ETL_Scripts.TC_005b_PostETL_Complete_HoldAttributes" name="ListALlHoldAttributes" time="75.759"/>
</testsuite> <!-- Post_ETL_Scripts.TC_005b_PostETL_Complete_HoldAttributes -->
