<?xml version="1.0" encoding="UTF-8"?>
<!-- Generated by org.testng.reporters.JUnitReportReporter -->
<testsuite hostname="VM-W10-625" failures="0" tests="1" name="Phase2.CBTUseCases.TC_002_VerifyAutoApprove_Attributes" time="69.116" errors="0" timestamp="2026-05-12T04:55:14 BST" skipped="0">
  <testcase classname="Phase2.CBTUseCases.TC_002_VerifyAutoApprove_Attributes" name="RecordmovestoPendingUsecaseApproval" time="69.116"/>
</testsuite> <!-- Phase2.CBTUseCases.TC_002_VerifyAutoApprove_Attributes -->
