<?xml version="1.0" encoding="UTF-8"?>
<!-- Generated by org.testng.reporters.JUnitReportReporter -->
<testsuite hostname="VM-W10-625" failures="0" tests="1" name="Post_ETL_Scripts.TC_005b_PostETL_Complete_HoldAttributes2" time="46.672" errors="0" timestamp="2026-05-07T11:05:33 BST" skipped="0">
  <testcase classname="Post_ETL_Scripts.TC_005b_PostETL_Complete_HoldAttributes2" name="ListALlHoldAttributes" time="46.672"/>
</testsuite> <!-- Post_ETL_Scripts.TC_005b_PostETL_Complete_HoldAttributes2 -->
