<?xml version="1.0" encoding="UTF-8"?>
<!-- Generated by org.testng.reporters.JUnitReportReporter -->
<testsuite hostname="VM-W10-625" failures="0" tests="2" name="First_Post_ETL_KeyFlags.TC08_Post_ETL_BsaY_CbtY_PropN" time="75.254" errors="0" timestamp="2026-05-26T12:53:16 BST" skipped="0">
  <testcase classname="First_Post_ETL_KeyFlags.TC08_Post_ETL_BsaY_CbtY_PropN" name="Post_ETL_BsaY_CbtN_MunN" time="37.581"/>
  <testcase classname="First_Post_ETL_KeyFlags.TC08_Post_ETL_BsaY_CbtY_PropN" name="Post_ETL_BsaY_CbtN_MunN" time="37.673"/>
</testsuite> <!-- First_Post_ETL_KeyFlags.TC08_Post_ETL_BsaY_CbtY_PropN -->
