<?xml version="1.0" encoding="UTF-8"?>
<!-- Generated by org.testng.reporters.JUnitReportReporter -->
<testsuite hostname="VM-W10-625" failures="0" tests="2" name="First_Post_ETL_KeyFlags.TC10_Post_ETL_BsaY_CbtN_PropN" time="151.143" errors="0" timestamp="2026-06-01T17:16:06 BST" skipped="0">
  <testcase classname="First_Post_ETL_KeyFlags.TC10_Post_ETL_BsaY_CbtN_PropN" name="Post_ETL_BsaY_CbtN_MunN" time="78.783"/>
  <testcase classname="First_Post_ETL_KeyFlags.TC10_Post_ETL_BsaY_CbtN_PropN" name="Post_ETL_BsaY_CbtN_MunN" time="72.360"/>
</testsuite> <!-- First_Post_ETL_KeyFlags.TC10_Post_ETL_BsaY_CbtN_PropN -->
