<?xml version="1.0" encoding="UTF-8"?>
<!-- Generated by org.testng.reporters.JUnitReportReporter -->
<testsuite hostname="VM-W10-625" failures="0" tests="1" name="Post_ETL_Scripts.TC_003_Second_PostETL_PartialOnholdCheck" time="50.268" errors="0" timestamp="2026-04-29T07:40:17 BST" skipped="0">
  <testcase classname="Post_ETL_Scripts.TC_003_Second_PostETL_PartialOnholdCheck" name="Check_Partial_OnHoldAttrbutes" time="50.268"/>
</testsuite> <!-- Post_ETL_Scripts.TC_003_Second_PostETL_PartialOnholdCheck -->
