<?xml version="1.0" encoding="UTF-8"?>
<!-- Generated by org.testng.reporters.JUnitReportReporter -->
<testsuite hostname="VM-W10-625" failures="0" tests="1" name="First_Post_ETL_KeyFlags.TC11_Post_ETL_BsaY_CbtY_InterCompany" time="50.732" errors="0" timestamp="2026-06-04T12:40:47 BST" skipped="0">
  <testcase classname="First_Post_ETL_KeyFlags.TC11_Post_ETL_BsaY_CbtY_InterCompany" name="Post_ETL_BsaY_CbtN_MunN" time="50.732"/>
</testsuite> <!-- First_Post_ETL_KeyFlags.TC11_Post_ETL_BsaY_CbtY_InterCompany -->
