<?xml version="1.0" encoding="UTF-8"?>
<!-- Generated by org.testng.reporters.JUnitReportReporter -->
<testsuite hostname="VM-W10-625" failures="0" tests="2" name="Second_Post_ETL_Key_Flags.TC08_Post_ETL_BsaY_CbtY_PropN" time="93.728" errors="0" timestamp="2026-06-03T06:14:27 BST" skipped="0">
  <testcase classname="Second_Post_ETL_Key_Flags.TC08_Post_ETL_BsaY_CbtY_PropN" name="Post_ETL_BsaY_CbtN_MunN" time="55.238"/>
  <testcase classname="Second_Post_ETL_Key_Flags.TC08_Post_ETL_BsaY_CbtY_PropN" name="Post_ETL_BsaY_CbtN_MunN" time="38.490"/>
</testsuite> <!-- Second_Post_ETL_Key_Flags.TC08_Post_ETL_BsaY_CbtY_PropN -->
