<?xml version="1.0" encoding="UTF-8"?>
<!-- Generated by org.testng.reporters.JUnitReportReporter -->
<testsuite hostname="VM-W10-625" failures="0" tests="2" name="First_Post_ETL_KeyFlags.TC04_Post_ETL_BsaN_CbtY_MunN" time="92.563" errors="0" timestamp="2026-05-21T17:09:49 BST" skipped="0">
  <testcase classname="First_Post_ETL_KeyFlags.TC04_Post_ETL_BsaN_CbtY_MunN" name="Post_ETL_BsaY_CbtN_MunN" time="54.626"/>
  <testcase classname="First_Post_ETL_KeyFlags.TC04_Post_ETL_BsaN_CbtY_MunN" name="Post_ETL_BsaY_CbtN_MunN" time="37.937"/>
</testsuite> <!-- First_Post_ETL_KeyFlags.TC04_Post_ETL_BsaN_CbtY_MunN -->
